Arguments: 
  /usr/local/Cellar/node/18.6.0/bin/node /usr/local/Cellar/yarn/1.22.19/libexec/bin/yarn.js install

PATH: 
  /Users/admin/.rvm/gems/ruby-3.1.2/bin:/Users/admin/.rvm/gems/ruby-3.1.2@global/bin:/Users/admin/.rvm/rubies/ruby-3.1.2/bin:/Users/admin/.rvm/bin:/usr/local/bin:/usr/bin:/bin:/usr/sbin:/sbin

Yarn version: 
  1.22.19

Node version: 
  18.6.0

Platform: 
  darwin x64

Trace: 
  Error: EROFS: read-only file system, mkdir '/node_modules'

npm manifest: 
  {
      "name": "askme",
      "private": true,
      "dependencies": {
        "@hotwired/stimulus": "3.1.0",
        "@hotwired/turbo-rails": "7.1.3",
        "autoprefixer": "10.4.8",
        "esbuild": "0.15.2",
        "postcss": "8.4.16",
        "postcss-import": "14.1.0",
        "tailwindcss": "3.1.8"
      },
      "scripts": {
        "build": "./run yarn:build",
        "build:css": "./run yarn:build:css"
      }
    }

yarn manifest: 
  No manifest

Lockfile: 
  # THIS IS AN AUTOGENERATED FILE. DO NOT EDIT THIS FILE DIRECTLY.
  # yarn lockfile v1
